[debug] [2025-09-24T22:51:23.235Z] ----------------------------------------------------------------------
[debug] [2025-09-24T22:51:23.238Z] Command:       C:\Program Files\nodejs\node.exe C:\Users\USER\AppData\Roaming\npm\node_modules\firebase-tools\lib\bin\firebase.js init
[debug] [2025-09-24T22:51:23.238Z] CLI Version:   14.17.0
[debug] [2025-09-24T22:51:23.238Z] Platform:      win32
[debug] [2025-09-24T22:51:23.238Z] Node Version:  v22.19.0
[debug] [2025-09-24T22:51:23.239Z] Time:          Wed Sep 24 2025 17:51:23 GMT-0500 (hora estándar de Colombia)
[debug] [2025-09-24T22:51:23.239Z] ----------------------------------------------------------------------
[debug] 
[debug] [2025-09-24T22:51:23.241Z] >>> [apiv2][query] GET https://firebase-public.firebaseio.com/cli.json [none]
[debug] [2025-09-24T22:51:23.282Z] > command requires scopes: ["email","openid","https://www.googleapis.com/auth/cloudplatformprojects.readonly","https://www.googleapis.com/auth/firebase","https://www.googleapis.com/auth/cloud-platform"]
[debug] [2025-09-24T22:51:23.283Z] > authorizing via signed-in user (3013463444danimendo@gmail.com)
[info] 
     ######## #### ########  ######## ########     ###     ######  ########
     ##        ##  ##     ## ##       ##     ##  ##   ##  ##       ##
     ######    ##  ########  ######   ########  #########  ######  ######
     ##        ##  ##    ##  ##       ##     ## ##     ##       ## ##
     ##       #### ##     ## ######## ########  ##     ##  ######  ########

You're about to initialize a Firebase project in this directory:

  C:\Users\USER\OneDrive\Escritorio\ReadHabit---mobil

[debug] [2025-09-24T22:51:24.058Z] <<< [apiv2][status] GET https://firebase-public.firebaseio.com/cli.json 200
[debug] [2025-09-24T22:51:24.058Z] <<< [apiv2][body] GET https://firebase-public.firebaseio.com/cli.json {"cloudBuildErrorAfter":1594252800000,"cloudBuildWarnAfter":1590019200000,"defaultNode10After":1594252800000,"minVersion":"3.0.5","node8DeploysDisabledAfter":1613390400000,"node8RuntimeDisabledAfter":1615809600000,"node8WarnAfter":1600128000000}
[debug] [2025-09-24T23:22:12.701Z] ----------------------------------------------------------------------
[debug] [2025-09-24T23:22:12.705Z] Command:       C:\Program Files\nodejs\node.exe C:\Users\USER\AppData\Roaming\npm\node_modules\firebase-tools\lib\bin\firebase.js init
[debug] [2025-09-24T23:22:12.706Z] CLI Version:   14.17.0
[debug] [2025-09-24T23:22:12.706Z] Platform:      win32
[debug] [2025-09-24T23:22:12.706Z] Node Version:  v22.19.0
[debug] [2025-09-24T23:22:12.706Z] Time:          Wed Sep 24 2025 18:22:12 GMT-0500 (hora estándar de Colombia)
[debug] [2025-09-24T23:22:12.707Z] ----------------------------------------------------------------------
[debug] 
[debug] [2025-09-24T23:22:12.714Z] > command requires scopes: ["email","openid","https://www.googleapis.com/auth/cloudplatformprojects.readonly","https://www.googleapis.com/auth/firebase","https://www.googleapis.com/auth/cloud-platform"]
[debug] [2025-09-24T23:22:12.714Z] > authorizing via signed-in user (3013463444danimendo@gmail.com)
[info] 
     ######## #### ########  ######## ########     ###     ######  ########
     ##        ##  ##     ## ##       ##     ##  ##   ##  ##       ##
     ######    ##  ########  ######   ########  #########  ######  ######
     ##        ##  ##    ##  ##       ##     ## ##     ##       ## ##
     ##       #### ##     ## ######## ########  ##     ##  ######  ########

You're about to initialize a Firebase project in this directory:

  C:\Users\USER\OneDrive\Escritorio\ReadHabit---mobil

[debug] [2025-09-28T14:33:26.979Z] ----------------------------------------------------------------------
[debug] [2025-09-28T14:33:26.982Z] Command:       C:\Program Files\nodejs\node.exe C:\Users\Kevin\AppData\Roaming\npm\node_modules\firebase-tools\lib\bin\firebase.js init
[debug] [2025-09-28T14:33:26.983Z] CLI Version:   14.16.0
[debug] [2025-09-28T14:33:26.983Z] Platform:      win32
[debug] [2025-09-28T14:33:26.983Z] Node Version:  v22.19.0
[debug] [2025-09-28T14:33:26.983Z] Time:          Sun Sep 28 2025 09:33:26 GMT-0500 (hora estándar de Colombia)
[debug] [2025-09-28T14:33:26.983Z] ----------------------------------------------------------------------
[debug] 
[debug] [2025-09-28T14:33:26.991Z] > command requires scopes: ["email","openid","https://www.googleapis.com/auth/cloudplatformprojects.readonly","https://www.googleapis.com/auth/firebase","https://www.googleapis.com/auth/cloud-platform"]
[debug] [2025-09-28T14:33:26.992Z] > authorizing via signed-in user (kevindavidcerpa@gmail.com)
[info] 
     ######## #### ########  ######## ########     ###     ######  ########
     ##        ##  ##     ## ##       ##     ##  ##   ##  ##       ##
     ######    ##  ########  ######   ########  #########  ######  ######
     ##        ##  ##    ##  ##       ##     ## ##     ##       ## ##
     ##       #### ##     ## ######## ########  ##     ##  ######  ########

You're about to initialize a Firebase project in this directory:

  C:\Users\Kevin\Desktop\ReadHabit---mobil

